ea	302

ra	302

va	302

Ea	302

Ra	302

Va	302

4a	302

7a	302

8a	302

tb	302

ub	302

zb	302

Tb	302

Ub	302

Zb	302

1b	302

2b	302

6b	302

8b	302

ac	302

wc	302

Ac	302

Wc	302

1c	302

2c	302

3c	302

6c	302

7c	302

8c	302

9c	302

bd	302

rd	302

wd	302

xd	302

Bd	302

Rd	302

Wd	302

Xd	302

2d	302

4d	302

7d	302

9d	302

ie	302

oe	302

ue	302

Ie	302

Oe	302

Ue	302

2e	302

3e	302

5e	302

6e	302

7e	302

8e	302

af	302

ef	302

hf	302

uf	302

vf	302

Af	302

Ef	302

Hf	302

Uf	302

Vf	302

1f	302

2f	302

4f	302

5f	302

8f	302

gg	302

qg	302

Gg	302

Qg	302

2g	302

5g	302

6g	302

7g	302

8g	302

9g	302

dh	302

eh	302

gh	302

yh	302

Dh	302

Eh	302

Gh	302

Yh	302

1h	302

4h	302

5h	302

7h	302

8h	302

9h	302

ci	302

fi	302

ki	302

ri	302

wi	302

Ci	302

Fi	302

Ki	302

Ri	302

Wi	302

3i	302

4i	302

5i	302

6i	302

7i	302

8i	302

9i	302

5j	302

6j	302

7j	302

9j	302

hk	302

lk	302

Hk	302

Lk	302

1k	302

3k	302

5k	302

7k	302

8k	302

9k	302

wl	302

Wl	302

5l	302

6l	302

7l	302

9l	302

fm	302

um	302

vm	302

wm	302

Fm	302

Um	302

Vm	302

Wm	302

5m	302

6m	302

7m	302

8m	302

9m	302

mn	302

on	302

qn	302

wn	302

Mn	302

On	302

Qn	302

Wn	302

2n	302

3n	302

5n	302

6n	302

7n	302

8n	302

qo	302

Qo	302

5o	302

6o	302

7o	302

8o	302

bp	302

up	302

yp	302

Bp	302

Up	302

Yp	302

1p	302

2p	302

4p	302

5p	302

8p	302

cq	302

eq	302

fq	302

oq	302

pq	302

rq	302

zq	302

Cq	302

Eq	302

Fq	302

Oq	302

Pq	302

Rq	302

Zq	302

2q	302

3q	302

7q	302

8q	302

9q	302

fr	302

hr	302

xr	302

Fr	302

Hr	302

Xr	302

1r	302

4r	302

5r	302

6r	302

7r	302

cs	302

us	302

Cs	302

Us	302

1s	302

2s	302

4s	302

5s	302

7s	302

8s	302

ht	302

zt	302

Ht	302

Zt	302

1t	302

4t	302

5t	302

9t	302

mu	302

tu	302

Mu	302

Tu	302

2u	302

7u	302

8u	302

iv	302

mv	302

nv	302

ov	302

qv	302

xv	302

Iv	302

Mv	302

Nv	302

Ov	302

Qv	302

Xv	302

0v	302

2v	302

7v	302

8v	302

gw	302

jw	302

xw	302

Gw	302

Jw	302

Xw	302

1w	302

2w	302

5w	302

6w	302

7w	302

9w	302

ex	302

fx	302

ux	302

Ex	302

Fx	302

Ux	302

1x	302

2x	302

3x	302

6x	302

7x	302

9x	302

gy	302

ky	302

py	302

Gy	302

Ky	302

Py	302

3y	302

7y	302

8y	302

9y	302

cz	302

ez	302

Cz	302

Ez	302

0z	302

2z	302

6z	302

8z	302

eA	302

rA	302

vA	302

EA	302

RA	302

VA	302

4A	302

7A	302

8A	302

tB	302

uB	302

zB	302

TB	302

UB	302

ZB	302

1B	302

2B	302

6B	302

8B	302

aC	302

wC	302

AC	302

WC	302

1C	302

2C	302

3C	302

6C	302

7C	302

9C	302

bD	302

rD	302

wD	302

xD	302

BD	302

RD	302

WD	302

XD	302

2D	302

4D	302

7D	302

9D	302

iE	302

oE	302

uE	302

IE	302

OE	302

UE	302

2E	302

3E	302

5E	302

6E	302

aF	302

eF	302

hF	302

uF	302

vF	302

AF	302

EF	302

HF	302

UF	302

VF	302

1F	302

2F	302

4F	302

5F	302

8F	302

gG	302

qG	302

GG	302

QG	302

2G	302

5G	302

6G	302

7G	302

8G	302

9G	302

dH	302

eH	302

gH	302

yH	302

DH	302

EH	302

GH	302

YH	302

1H	302

4H	302

5H	302

7H	302

8H	302

9H	302

cI	302

fI	302

kI	302

rI	302

wI	302

CI	302

FI	302

KI	302

RI	302

WI	302

3I	302

4I	302

5I	302

6I	302

7I	302

8I	302

9I	302

5J	302

6J	302

7J	302

9J	302

hK	302

lK	302

HK	302

LK	302

1K	302

3K	302

5K	302

7K	302

8K	302

9K	302

wL	302

WL	302

5L	302

6L	302

7L	302

9L	302

fM	302

uM	302

vM	302

wM	302

FM	302

UM	302

VM	302

WM	302

5M	302

6M	302

7M	302

8M	302

9M	302

mN	302

oN	302

qN	302

wN	302

MN	302

ON	302

QN	302

WN	302

2N	302

3N	302

5N	302

6N	302

7N	302

8N	302

qO	302

QO	302

5O	302

6O	302

7O	302

8O	302

bP	302

uP	302

yP	302

BP	302

UP	302

YP	302

1P	302

2P	302

4P	302

5P	302

8P	302

cQ	302

eQ	302

fQ	302

oQ	302

pQ	302

rQ	302

zQ	302

CQ	302

EQ	302

FQ	302

OQ	302

PQ	302

RQ	302

ZQ	302

2Q	302

3Q	302

7Q	302

8Q	302

9Q	302

fR	302

hR	302

xR	302

FR	302

HR	302

XR	302

1R	302

4R	302

5R	302

6R	302

7R	302

cS	302

uS	302

CS	302

US	302

1S	302

2S	302

4S	302

5S	302

7S	302

8S	302

hT	302

zT	302

HT	302

ZT	302

1T	302

4T	302

5T	302

9T	302

mU	302

tU	302

MU	302

TU	302

2U	302

7U	302

8U	302

iV	302

mV	302

nV	302

oV	302

qV	302

xV	302

IV	302

MV	302

NV	302

OV	302

QV	302

XV	302

0V	302

2V	302

7V	302

8V	302

gW	302

jW	302

xW	302

GW	302

JW	302

XW	302

1W	302

2W	302

5W	302

6W	302

7W	302

9W	302

eX	302

fX	302

uX	302

EX	302

FX	302

UX	302

1X	302

2X	302

3X	302

6X	302

7X	302

9X	302

gY	302

kY	302

pY	302

GY	302

KY	302

PY	302

3Y	302

7Y	302

8Y	302

9Y	302

cZ	302

eZ	302

CZ	302

EZ	302

TZ	

0Z	302

2Z	302

6Z	302

8Z	302

k0	302

m0	302

o0	302

s0	302

K0	302

M0	302

O0	302

S0	302

30	302

b1	302

t1	302

B1	302

T1	302

21	302

51	302

61	302

f2	302

i2	302

l2	302

F2	302

I2	302

L2	302

V2	302

a3	302

c3	302

d3	302

e3	302

g3	302

o3	302

v3	302

A3	302

C3	302

D3	302

E3	302

G3	302

O3	302

V3	302

33	302

b4	302

i4	302

q4	302

u4	302

x4	302

B4	302

I4	302

Q4	302

U4	302

X4	302

54	302

f5	302

t5	302

u5	302

x5	302

F5	302

T5	302

U5	302

X5	302

a6	302

l6	302

n6	302

A6	302

L6	302

N6	302

26	302

b7	302

f7	302

o7	302

p7	302

r7	302

t7	302

B7	302

F7	302

O7	302

P7	302

R7	302

T7	302

67	302

b8	302

f8	302

g8	302

o8	302

s8	302

w8	302

y8	302

B8	302

F8	302

G8	302

O8	302

S8	302

W8	302

Y8	302

08	302

38	302

a9	302

f9	302

i9	302

o9	302

p9	302

t9	302

y9	302

A9	302

F9	302

I9	302

O9	302

P9	302

T9	302

Y9	302

